mode: set
order/internal/service/order/cancel.go:8.76,10.16 2 0
order/internal/service/order/cancel.go:10.16,12.3 1 0
order/internal/service/order/cancel.go:14.2,14.28 1 0
order/internal/service/order/cancel.go:14.28,16.3 1 0
order/internal/service/order/cancel.go:18.2,21.16 3 0
order/internal/service/order/cancel.go:21.16,23.3 1 0
order/internal/service/order/cancel.go:25.2,25.12 1 0
order/internal/service/order/create.go:12.88,15.35 2 1
order/internal/service/order/create.go:15.35,17.17 2 1
order/internal/service/order/create.go:17.17,19.4 1 1
order/internal/service/order/create.go:21.3,21.52 1 1
order/internal/service/order/create.go:25.2,31.16 6 1
order/internal/service/order/create.go:31.16,33.3 1 0
order/internal/service/order/create.go:35.2,35.24 1 1
order/internal/service/order/get.go:9.84,11.16 2 1
order/internal/service/order/get.go:11.16,13.3 1 1
order/internal/service/order/get.go:14.2,14.19 1 1
order/internal/service/order/pay.go:8.82,10.16 2 1
order/internal/service/order/pay.go:10.16,12.3 1 0
order/internal/service/order/pay.go:14.2,14.28 1 1
order/internal/service/order/pay.go:14.28,16.3 1 1
order/internal/service/order/pay.go:17.2,17.33 1 1
order/internal/service/order/pay.go:17.33,19.3 1 0
order/internal/service/order/pay.go:21.2,22.16 2 1
order/internal/service/order/pay.go:22.16,24.3 1 1
order/internal/service/order/pay.go:25.2,30.16 4 1
order/internal/service/order/pay.go:30.16,32.3 1 0
order/internal/service/order/pay.go:34.2,34.12 1 1
order/internal/service/order/service.go:17.12,22.2 1 0
